## SLURM PROLOG ###############################################################
##    Job ID : 14751613
##  Job Name : bpnet
##  Nodelist : gpu2001
##      CPUs : 
##  Mem/Node : 32768 MB
## Directory : /oscar/home/sndichu/BPNet
##   Job Started : Tue Dec  9 12:01:57 PM EST 2025
###############################################################################
Job started at: Tue Dec  9 12:02:00 PM EST 2025
Node: gpu2001
GPU info:
Tue Dec  9 12:02:00 2025       
+---------------------------------------------------------------------------------------+
| NVIDIA-SMI 535.129.03             Driver Version: 535.129.03   CUDA Version: 12.2     |
|-----------------------------------------+----------------------+----------------------+
| GPU  Name                 Persistence-M | Bus-Id        Disp.A | Volatile Uncorr. ECC |
| Fan  Temp   Perf          Pwr:Usage/Cap |         Memory-Usage | GPU-Util  Compute M. |
|                                         |                      |               MIG M. |
|=========================================+======================+======================|
|   0  Quadro RTX 6000                On  | 00000000:3E:00.0 Off |                  Off |
| 33%   27C    P8              14W / 260W |     22MiB / 24576MiB |      0%      Default |
|                                         |                      |                  N/A |
+-----------------------------------------+----------------------+----------------------+
                                                                                         
+---------------------------------------------------------------------------------------+
| Processes:                                                                            |
|  GPU   GI   CI        PID   Type   Process name                            GPU Memory |
|        ID   ID                                                             Usage      |
|=======================================================================================|
|    0   N/A  N/A     30542      G   /usr/libexec/Xorg                            20MiB |
+---------------------------------------------------------------------------------------+

Finished at: Tue Dec  9 12:02:00 PM EST 2025
Exit code: 1
